2019.03.21 07:33:23 INFO  es[][o.e.e.NodeEnvironment] using [1] data paths, mounts [[/opt/sonarqube/data (/dev/sda6)]], net usable_space [130.5gb], net total_space [214.5gb], types [ext4]
2019.03.21 07:33:23 INFO  es[][o.e.e.NodeEnvironment] heap size [494.9mb], compressed ordinary object pointers [true]
2019.03.21 07:33:23 INFO  es[][o.e.n.Node] node name [sonarqube], node ID [RqUTBRGORNmhgHVp9ZfyWA]
2019.03.21 07:33:23 INFO  es[][o.e.n.Node] version[6.6.2], pid[22], build[default/tar/3bd3e59/2019-03-06T15:16:26.864148Z], OS[Linux/4.15.0-46-generic/amd64], JVM[Oracle Corporation/OpenJDK 64-Bit Server VM/1.8.0_181/25.181-b13]
2019.03.21 07:33:23 INFO  es[][o.e.n.Node] JVM arguments [-XX:+UseConcMarkSweepGC, -XX:CMSInitiatingOccupancyFraction=75, -XX:+UseCMSInitiatingOccupancyOnly, -Des.networkaddress.cache.ttl=60, -Des.networkaddress.cache.negative.ttl=10, -XX:+AlwaysPreTouch, -Xss1m, -Djava.awt.headless=true, -Dfile.encoding=UTF-8, -Djna.nosys=true, -XX:-OmitStackTraceInFastThrow, -Dio.netty.noUnsafe=true, -Dio.netty.noKeySetOptimization=true, -Dio.netty.recycler.maxCapacityPerThread=0, -Dlog4j.shutdownHookEnabled=false, -Dlog4j2.disable.jmx=true, -Djava.io.tmpdir=/opt/sonarqube/temp/es6, -XX:ErrorFile=/opt/sonarqube/logs/es_hs_err_pid%p.log, -Xms512m, -Xmx512m, -XX:+HeapDumpOnOutOfMemoryError, -Des.path.home=/opt/sonarqube/elasticsearch, -Des.path.conf=/opt/sonarqube/temp/conf/es, -Des.distribution.flavor=default, -Des.distribution.type=tar]
2019.03.21 07:33:24 INFO  es[][o.e.p.PluginsService] loaded module [analysis-common]
2019.03.21 07:33:24 INFO  es[][o.e.p.PluginsService] loaded module [lang-painless]
2019.03.21 07:33:24 INFO  es[][o.e.p.PluginsService] loaded module [mapper-extras]
2019.03.21 07:33:24 INFO  es[][o.e.p.PluginsService] loaded module [parent-join]
2019.03.21 07:33:24 INFO  es[][o.e.p.PluginsService] loaded module [percolator]
2019.03.21 07:33:24 INFO  es[][o.e.p.PluginsService] loaded module [reindex]
2019.03.21 07:33:24 INFO  es[][o.e.p.PluginsService] loaded module [repository-url]
2019.03.21 07:33:24 INFO  es[][o.e.p.PluginsService] loaded module [transport-netty4]
2019.03.21 07:33:24 INFO  es[][o.e.p.PluginsService] no plugins loaded
2019.03.21 07:33:28 WARN  es[][o.e.d.c.s.Settings] [http.enabled] setting was deprecated in Elasticsearch and will be removed in a future release! See the breaking changes documentation for the next major version.
2019.03.21 07:33:29 INFO  es[][o.e.d.DiscoveryModule] using discovery type [zen] and host providers [settings]
2019.03.21 07:33:29 INFO  es[][o.e.n.Node] initialized
2019.03.21 07:33:29 INFO  es[][o.e.n.Node] starting ...
2019.03.21 07:33:29 INFO  es[][o.e.t.TransportService] publish_address {127.0.0.1:9001}, bound_addresses {127.0.0.1:9001}
2019.03.21 07:33:32 INFO  es[][o.e.c.s.MasterService] zen-disco-elected-as-master ([0] nodes joined), reason: new_master {sonarqube}{RqUTBRGORNmhgHVp9ZfyWA}{CpMgRpAsRnK0UdHDC06eOg}{127.0.0.1}{127.0.0.1:9001}{rack_id=sonarqube}
2019.03.21 07:33:33 INFO  es[][o.e.c.s.ClusterApplierService] new_master {sonarqube}{RqUTBRGORNmhgHVp9ZfyWA}{CpMgRpAsRnK0UdHDC06eOg}{127.0.0.1}{127.0.0.1:9001}{rack_id=sonarqube}, reason: apply cluster state (from master [master {sonarqube}{RqUTBRGORNmhgHVp9ZfyWA}{CpMgRpAsRnK0UdHDC06eOg}{127.0.0.1}{127.0.0.1:9001}{rack_id=sonarqube} committed version [1] source [zen-disco-elected-as-master ([0] nodes joined)]])
2019.03.21 07:33:33 INFO  es[][o.e.n.Node] started
2019.03.21 07:33:33 INFO  es[][o.e.g.GatewayService] recovered [0] indices into cluster_state
2019.03.21 07:33:43 INFO  es[][o.e.c.m.MetaDataCreateIndexService] [metadatas] creating index, cause [api], templates [], shards [1]/[0], mappings []
2019.03.21 07:33:44 INFO  es[][o.e.c.r.a.AllocationService] Cluster health status changed from [YELLOW] to [GREEN] (reason: [shards started [[metadatas][0]] ...]).
2019.03.21 07:33:44 INFO  es[][o.e.c.m.MetaDataMappingService] [metadatas/fycCEe8YRqi5rD_ma7aPmA] create_mapping [metadata]
2019.03.21 07:33:44 INFO  es[][o.e.c.m.MetaDataCreateIndexService] [components] creating index, cause [api], templates [], shards [5]/[0], mappings []
2019.03.21 07:33:44 INFO  es[][o.e.c.r.a.AllocationService] Cluster health status changed from [YELLOW] to [GREEN] (reason: [shards started [[components][4]] ...]).
2019.03.21 07:33:44 INFO  es[][o.e.c.m.MetaDataMappingService] [components/Re4C18JjR86ZhL0sTwu9xQ] create_mapping [auth]
2019.03.21 07:33:45 INFO  es[][o.e.c.m.MetaDataCreateIndexService] [projectmeasures] creating index, cause [api], templates [], shards [5]/[0], mappings []
2019.03.21 07:33:45 INFO  es[][o.e.c.r.a.AllocationService] Cluster health status changed from [YELLOW] to [GREEN] (reason: [shards started [[projectmeasures][4]] ...]).
2019.03.21 07:33:45 INFO  es[][o.e.c.m.MetaDataMappingService] [projectmeasures/jqS2PJIoQQOTRqS9N7OF9g] create_mapping [auth]
2019.03.21 07:33:45 INFO  es[][o.e.c.m.MetaDataCreateIndexService] [rules] creating index, cause [api], templates [], shards [2]/[0], mappings []
2019.03.21 07:33:45 INFO  es[][o.e.c.r.a.AllocationService] Cluster health status changed from [YELLOW] to [GREEN] (reason: [shards started [[rules][0]] ...]).
2019.03.21 07:33:45 INFO  es[][o.e.c.m.MetaDataMappingService] [rules/VglXtKrFTB-O8D7tH1QNZg] create_mapping [rule]
2019.03.21 07:33:45 INFO  es[][o.e.c.m.MetaDataCreateIndexService] [issues] creating index, cause [api], templates [], shards [5]/[0], mappings []
2019.03.21 07:33:46 INFO  es[][o.e.c.r.a.AllocationService] Cluster health status changed from [YELLOW] to [GREEN] (reason: [shards started [[issues][4]] ...]).
2019.03.21 07:33:46 INFO  es[][o.e.c.m.MetaDataMappingService] [issues/3QFF_A6oTY-PVEp9p_qE8g] create_mapping [auth]
2019.03.21 07:33:46 INFO  es[][o.e.c.m.MetaDataCreateIndexService] [users] creating index, cause [api], templates [], shards [1]/[0], mappings []
2019.03.21 07:33:46 INFO  es[][o.e.c.r.a.AllocationService] Cluster health status changed from [YELLOW] to [GREEN] (reason: [shards started [[users][0]] ...]).
2019.03.21 07:33:46 INFO  es[][o.e.c.m.MetaDataMappingService] [users/yyTJrEImRfaYRxv8JgrHDw] create_mapping [user]
2019.03.21 07:33:46 INFO  es[][o.e.c.m.MetaDataCreateIndexService] [views] creating index, cause [api], templates [], shards [5]/[0], mappings []
2019.03.21 07:33:46 INFO  es[][o.e.c.r.a.AllocationService] Cluster health status changed from [YELLOW] to [GREEN] (reason: [shards started [[views][4]] ...]).
2019.03.21 07:33:46 INFO  es[][o.e.c.m.MetaDataMappingService] [views/RcNWNaS-S1isVIEoLqBpBQ] create_mapping [view]
2019.03.21 07:34:30 INFO  es[][o.e.c.s.IndexScopedSettings] updating [index.refresh_interval] from [30s] to [-1]
2019.03.21 07:34:30 INFO  es[][o.e.c.s.IndexScopedSettings] updating [index.refresh_interval] from [30s] to [-1]
2019.03.21 07:34:30 INFO  es[][o.e.c.s.IndexScopedSettings] updating [index.refresh_interval] from [-1] to [30s]
2019.03.21 07:34:30 INFO  es[][o.e.c.s.IndexScopedSettings] updating [index.refresh_interval] from [-1] to [30s]
2019.03.21 07:34:31 INFO  es[][o.e.c.s.IndexScopedSettings] updating [index.refresh_interval] from [30s] to [-1]
2019.03.21 07:34:31 INFO  es[][o.e.c.s.IndexScopedSettings] updating [index.refresh_interval] from [30s] to [-1]
2019.03.21 07:34:31 INFO  es[][o.e.c.s.IndexScopedSettings] updating [index.refresh_interval] from [-1] to [30s]
2019.03.21 07:34:31 INFO  es[][o.e.c.s.IndexScopedSettings] updating [index.refresh_interval] from [-1] to [30s]
