2019.03.21 07:33:33 INFO  web[][o.s.p.ProcessEntryPoint] Starting web
2019.03.21 07:33:34 INFO  web[][o.a.t.u.n.NioSelectorPool] Using a shared selector for servlet write/read
2019.03.21 07:33:35 INFO  web[][o.e.p.PluginsService] no modules loaded
2019.03.21 07:33:35 INFO  web[][o.e.p.PluginsService] loaded plugin [org.elasticsearch.join.ParentJoinPlugin]
2019.03.21 07:33:35 INFO  web[][o.e.p.PluginsService] loaded plugin [org.elasticsearch.percolator.PercolatorPlugin]
2019.03.21 07:33:35 INFO  web[][o.e.p.PluginsService] loaded plugin [org.elasticsearch.transport.Netty4Plugin]
2019.03.21 07:33:37 INFO  web[][o.s.s.e.EsClientProvider] Connected to local Elasticsearch: [127.0.0.1:9001]
2019.03.21 07:33:37 INFO  web[][o.s.s.p.LogServerVersion] SonarQube Server / 7.7.0.23042 / 1dcac8b8de36b377a1810cc8f1c4c31744e12729
2019.03.21 07:33:37 INFO  web[][o.s.s.p.d.EmbeddedDatabase] Starting embedded database on port 9092 with url jdbc:h2:tcp://127.0.0.1:9092/sonar
2019.03.21 07:33:37 INFO  web[][o.s.s.p.d.EmbeddedDatabase] Embedded database started. Data stored in: /opt/sonarqube/data
2019.03.21 07:33:37 INFO  web[][o.sonar.db.Database] Create JDBC data source for jdbc:h2:tcp://127.0.0.1:9092/sonar
2019.03.21 07:33:38 WARN  web[][o.s.db.dialect.H2] H2 database should be used for evaluation purpose only.
2019.03.21 07:33:39 INFO  web[][o.s.s.p.ServerFileSystemImpl] SonarQube home: /opt/sonarqube
2019.03.21 07:33:39 INFO  web[][o.s.s.u.SystemPasscodeImpl] System authentication by passcode is disabled
2019.03.21 07:33:39 INFO  web[][o.s.s.p.d.m.h.MigrationHistoryTableImpl] Creating table schema_migrations
2019.03.21 07:33:39 INFO  web[][o.s.s.p.ServerPluginRepository] Deploy plugin Git / 1.8.0.1574 / aec3dc8f5228aabd218e1cd31ac6e6515a43715d
2019.03.21 07:33:39 INFO  web[][o.s.s.p.ServerPluginRepository] Deploy plugin JaCoCo / 1.0.1.143 / 65c55e41e32c114704fd597ccea91fc55becb4ec
2019.03.21 07:33:39 INFO  web[][o.s.s.p.ServerPluginRepository] Deploy plugin LDAP / 2.2.0.608 / 79dc3fa4393a29667673c70182f3016288b548b7
2019.03.21 07:33:39 INFO  web[][o.s.s.p.ServerPluginRepository] Deploy plugin SonarC# / 7.11.0.8083 / 3783082180771634d564dcf54c28a9f345852b34
2019.03.21 07:33:39 INFO  web[][o.s.s.p.ServerPluginRepository] Deploy plugin SonarCSS / 1.0.3.724 / 3ad5232345519caed38a24c70fb77e91757833bf
2019.03.21 07:33:39 INFO  web[][o.s.s.p.ServerPluginRepository] Deploy plugin SonarFlex / 2.4.0.1222 / 68d9cb3b7daccbc4869c4f2b89d09218d26a0829
2019.03.21 07:33:39 INFO  web[][o.s.s.p.ServerPluginRepository] Deploy plugin SonarGo / 1.1.0.1612 / 1809c7be6d88396c0a1b8d597b1e9e0ed8d29730
2019.03.21 07:33:39 INFO  web[][o.s.s.p.ServerPluginRepository] Deploy plugin SonarHTML / 3.1.0.1615 / 4181edb5eff5605bec82dc0aa15ecd70eaa5857f
2019.03.21 07:33:39 INFO  web[][o.s.s.p.ServerPluginRepository] Deploy plugin SonarJS / 5.1.1.7506 / 7537ba97d4de0e1dbc862ddff9fadaed8cc02127
2019.03.21 07:33:39 INFO  web[][o.s.s.p.ServerPluginRepository] Deploy plugin SonarJava / 5.11.0.17289 / af4a10d32a35370facd63e239fd8d452d981798a
2019.03.21 07:33:39 INFO  web[][o.s.s.p.ServerPluginRepository] Deploy plugin SonarKotlin / 1.5.0.315 / 4ff3a145a58f3f84f1b39846a205a129d742e993
2019.03.21 07:33:39 INFO  web[][o.s.s.p.ServerPluginRepository] Deploy plugin SonarPHP / 3.0.0.4537 / 026dee08c29a3689ab1228552e14bfefda9ae57e
2019.03.21 07:33:39 INFO  web[][o.s.s.p.ServerPluginRepository] Deploy plugin SonarPython / 1.13.0.2922 / e234b7c67bd6330f24ed876596f72068bf78e0d7
2019.03.21 07:33:39 INFO  web[][o.s.s.p.ServerPluginRepository] Deploy plugin SonarRuby / 1.5.0.315 / 4ff3a145a58f3f84f1b39846a205a129d742e993
2019.03.21 07:33:39 INFO  web[][o.s.s.p.ServerPluginRepository] Deploy plugin SonarScala / 1.5.0.315 / 4ff3a145a58f3f84f1b39846a205a129d742e993
2019.03.21 07:33:39 INFO  web[][o.s.s.p.ServerPluginRepository] Deploy plugin SonarTS / 1.9.0.3766 / 4a4080b78001a78d758d1d0fa0190fb9496b6f57
2019.03.21 07:33:39 INFO  web[][o.s.s.p.ServerPluginRepository] Deploy plugin SonarVB / 7.11.0.8083 / 3783082180771634d564dcf54c28a9f345852b34
2019.03.21 07:33:39 INFO  web[][o.s.s.p.ServerPluginRepository] Deploy plugin SonarXML / 2.0.1.2020 / c5b84004face582d56f110e24c29bf9c6a679e69
2019.03.21 07:33:39 INFO  web[][o.s.s.p.ServerPluginRepository] Deploy plugin Svn / 1.9.0.1295 / 942e075773975354e32691a60bfd968065703e04
2019.03.21 07:33:40 INFO  web[][o.s.s.p.d.m.AutoDbMigration] Automatically perform DB migration on fresh install
2019.03.21 07:33:41 INFO  web[][o.s.s.p.Platform] Database has been automatically updated
2019.03.21 07:33:41 INFO  web[][o.s.s.p.w.MasterServletFilter] Initializing servlet filter org.sonar.server.ws.WebServiceFilter@1d001b31 [pattern=UrlPattern{inclusions=[/api/system/migrate_db.*, ...], exclusions=[/api/properties*, ...]}]
2019.03.21 07:33:41 INFO  web[][o.s.s.a.EmbeddedTomcat] HTTP connector enabled on port 9000
2019.03.21 07:33:42 INFO  web[][o.s.s.p.UpdateCenterClient] Update center: https://update.sonarsource.org/update-center.properties (no proxy)
2019.03.21 07:33:43 INFO  web[][o.s.s.e.IndexCreator] Create index metadatas
2019.03.21 07:33:44 INFO  web[][o.s.s.e.IndexCreator] Create type metadatas/metadata
2019.03.21 07:33:44 INFO  web[][o.s.s.e.IndexCreator] Create index components
2019.03.21 07:33:44 INFO  web[][o.s.s.e.IndexCreator] Create type components/auth
2019.03.21 07:33:45 INFO  web[][o.s.s.e.IndexCreator] Create index projectmeasures
2019.03.21 07:33:45 INFO  web[][o.s.s.e.IndexCreator] Create type projectmeasures/auth
2019.03.21 07:33:45 INFO  web[][o.s.s.e.IndexCreator] Create index rules
2019.03.21 07:33:45 INFO  web[][o.s.s.e.IndexCreator] Create type rules/rule
2019.03.21 07:33:45 INFO  web[][o.s.s.e.IndexCreator] Create index issues
2019.03.21 07:33:46 INFO  web[][o.s.s.e.IndexCreator] Create type issues/auth
2019.03.21 07:33:46 INFO  web[][o.s.s.e.IndexCreator] Create index users
2019.03.21 07:33:46 INFO  web[][o.s.s.e.IndexCreator] Create type users/user
2019.03.21 07:33:46 INFO  web[][o.s.s.e.IndexCreator] Create index views
2019.03.21 07:33:46 INFO  web[][o.s.s.e.IndexCreator] Create type views/view
2019.03.21 07:33:46 INFO  web[][o.s.s.s.LogServerId] Server ID: BF41A1F2-AWmfK31LamemwtZVPGOD
2019.03.21 07:33:46 WARN  web[][o.s.a.s.w.WebService$Action] The response example is not set on action api/plugins/download
2019.03.21 07:33:47 WARN  web[][o.s.a.s.w.WebService$Action] The response example is not set on action api/permissions/search_templates
2019.03.21 07:33:47 INFO  web[][o.s.s.t.TelemetryDaemon] Sharing of SonarQube statistics is enabled.
2019.03.21 07:33:47 INFO  web[][o.s.s.n.NotificationDaemon] Notification service started (delay 60 sec.)
2019.03.21 07:33:47 INFO  web[][o.s.s.s.GeneratePluginIndex] Generate scanner plugin index
2019.03.21 07:33:47 INFO  web[][o.s.s.s.RegisterPlugins] Register plugins
2019.03.21 07:33:47 INFO  web[][o.s.s.s.RegisterMetrics] Register metrics
2019.03.21 07:33:47 INFO  web[][o.s.s.q.RegisterQualityGates] Built-in quality gate's conditions of [Sonar way] has been updated
2019.03.21 07:33:47 INFO  web[][o.s.s.r.RegisterRules] Register rules
2019.03.21 07:34:11 INFO  web[][o.s.s.q.BuiltInQProfileRepositoryImpl] Load quality profiles
2019.03.21 07:34:14 INFO  web[][o.s.s.q.RegisterQualityProfiles] Register quality profiles
2019.03.21 07:34:14 INFO  web[][o.s.s.q.RegisterQualityProfiles] Register profile css/Sonar way
2019.03.21 07:34:18 INFO  web[][o.s.s.q.RegisterQualityProfiles] Register profile scala/Sonar way
2019.03.21 07:34:18 INFO  web[][o.s.s.q.RegisterQualityProfiles] Register profile jsp/Sonar way
2019.03.21 07:34:18 INFO  web[][o.s.s.q.RegisterQualityProfiles] Register profile kotlin/Sonar way
2019.03.21 07:34:18 INFO  web[][o.s.s.q.RegisterQualityProfiles] Register profile go/Sonar way
2019.03.21 07:34:19 INFO  web[][o.s.s.q.RegisterQualityProfiles] Register profile js/Sonar way Recommended
2019.03.21 07:34:19 INFO  web[][o.s.s.q.RegisterQualityProfiles] Register profile js/Sonar way
2019.03.21 07:34:19 INFO  web[][o.s.s.q.RegisterQualityProfiles] Register profile py/Sonar way
2019.03.21 07:34:19 INFO  web[][o.s.s.q.RegisterQualityProfiles] Register profile ruby/Sonar way
2019.03.21 07:34:19 INFO  web[][o.s.s.q.RegisterQualityProfiles] Register profile cs/Sonar way
2019.03.21 07:34:19 INFO  web[][o.s.s.q.RegisterQualityProfiles] Register profile java/Sonar way
2019.03.21 07:34:20 INFO  web[][o.s.s.q.RegisterQualityProfiles] Register profile web/Sonar way
2019.03.21 07:34:20 INFO  web[][o.s.s.q.RegisterQualityProfiles] Register profile flex/Sonar way
2019.03.21 07:34:20 INFO  web[][o.s.s.q.RegisterQualityProfiles] Register profile xml/Sonar way
2019.03.21 07:34:21 INFO  web[][o.s.s.q.RegisterQualityProfiles] Register profile php/PSR-2
2019.03.21 07:34:21 INFO  web[][o.s.s.q.RegisterQualityProfiles] Register profile php/Drupal
2019.03.21 07:34:21 INFO  web[][o.s.s.q.RegisterQualityProfiles] Register profile php/Sonar way
2019.03.21 07:34:21 INFO  web[][o.s.s.q.RegisterQualityProfiles] Register profile vbnet/Sonar way
2019.03.21 07:34:21 INFO  web[][o.s.s.q.RegisterQualityProfiles] Register profile ts/Sonar way
2019.03.21 07:34:21 INFO  web[][o.s.s.q.RegisterQualityProfiles] Register profile ts/Sonar way recommended
2019.03.21 07:34:22 INFO  web[][o.s.s.s.RegisterPermissionTemplates] Register permission templates
2019.03.21 07:34:22 INFO  web[][o.s.s.s.RenameDeprecatedPropertyKeys] Rename deprecated property keys
2019.03.21 07:34:22 INFO  web[][o.s.s.p.w.MasterServletFilter] Initializing servlet filter org.sonar.server.ws.WebServiceFilter@3f509692 [pattern=UrlPattern{inclusions=[/api/issues/delete_comment.*, ...], exclusions=[/api/properties*, ...]}]
2019.03.21 07:34:22 INFO  web[][o.s.s.p.w.MasterServletFilter] Initializing servlet filter org.sonar.server.ws.DeprecatedPropertiesWsFilter@2070f917 [pattern=UrlPattern{inclusions=[/api/properties/*], exclusions=[]}]
2019.03.21 07:34:22 INFO  web[][o.s.s.p.w.MasterServletFilter] Initializing servlet filter org.sonar.server.ws.WebServiceReroutingFilter@3af67b1b [pattern=UrlPattern{inclusions=[/api/components/bulk_update_key, ...], exclusions=[]}]
2019.03.21 07:34:22 INFO  web[][o.s.s.p.w.MasterServletFilter] Initializing servlet filter org.sonar.server.authentication.InitFilter@52c8f970 [pattern=UrlPattern{inclusions=[/sessions/init/*], exclusions=[]}]
2019.03.21 07:34:22 INFO  web[][o.s.s.p.w.MasterServletFilter] Initializing servlet filter org.sonar.server.authentication.OAuth2CallbackFilter@50ad4201 [pattern=UrlPattern{inclusions=[/oauth2/callback/*], exclusions=[]}]
2019.03.21 07:34:22 INFO  web[][o.s.s.p.w.MasterServletFilter] Initializing servlet filter org.sonar.server.authentication.ws.LoginAction@14abfe24 [pattern=UrlPattern{inclusions=[/api/authentication/login], exclusions=[]}]
2019.03.21 07:34:22 INFO  web[][o.s.s.p.w.MasterServletFilter] Initializing servlet filter org.sonar.server.authentication.ws.LogoutAction@218d2217 [pattern=UrlPattern{inclusions=[/api/authentication/logout], exclusions=[]}]
2019.03.21 07:34:22 INFO  web[][o.s.s.p.w.MasterServletFilter] Initializing servlet filter org.sonar.server.authentication.ws.ValidateAction@7ec720d [pattern=UrlPattern{inclusions=[/api/authentication/validate], exclusions=[]}]
2019.03.21 07:34:22 INFO  web[][o.s.s.e.IndexerStartupTask] Indexing of type [rules/rule/activeRule] ...
2019.03.21 07:34:24 INFO  web[][o.s.s.e.IndexerStartupTask] Indexing of type [rules/rule/activeRule] done | time=1912ms
2019.03.21 07:34:24 INFO  web[][o.s.s.e.IndexerStartupTask] Indexing of types [rules/rule],[rules/rule/ruleExtension] ...
2019.03.21 07:34:30 INFO  web[][o.s.s.e.IndexerStartupTask] Indexing of types [rules/rule],[rules/rule/ruleExtension] done | time=6304ms
2019.03.21 07:34:30 INFO  web[][o.s.s.e.IndexerStartupTask] Indexing of type [users/user] ...
2019.03.21 07:34:30 INFO  web[][o.s.s.e.IndexerStartupTask] Indexing of type [users/user] done | time=223ms
2019.03.21 07:34:30 INFO  web[][o.s.s.e.IndexerStartupTask] Indexing of type [components/auth/component] ...
2019.03.21 07:34:31 INFO  web[][o.s.s.e.IndexerStartupTask] Indexing of type [components/auth/component] done | time=82ms
2019.03.21 07:34:31 INFO  web[][o.s.s.e.IndexerStartupTask] Indexing of type [views/view] ...
2019.03.21 07:34:31 INFO  web[][o.s.s.e.IndexerStartupTask] Indexing of type [views/view] done | time=134ms
2019.03.21 07:34:31 INFO  web[][o.s.s.e.IndexerStartupTask] Indexing of type [issues/auth/issue] ...
2019.03.21 07:34:31 INFO  web[][o.s.s.e.IndexerStartupTask] Indexing of type [issues/auth/issue] done | time=93ms
2019.03.21 07:34:31 INFO  web[][o.s.s.e.IndexerStartupTask] Indexing of types [components/auth],[projectmeasures/auth],[issues/auth] ...
2019.03.21 07:34:31 INFO  web[][o.s.s.e.IndexerStartupTask] Indexing of types [components/auth],[projectmeasures/auth],[issues/auth] done | time=119ms
2019.03.21 07:34:31 INFO  web[][o.s.s.e.IndexerStartupTask] Indexing of type [projectmeasures/auth/projectmeasure] ...
2019.03.21 07:34:31 INFO  web[][o.s.s.e.IndexerStartupTask] Indexing of type [projectmeasures/auth/projectmeasure] done | time=105ms
2019.03.21 07:34:31 INFO  web[][o.s.s.p.p.PlatformLevelStartup] Running Community Edition
2019.03.21 07:34:31 INFO  web[][o.s.s.p.Platform] WebServer is operational
